<?xml version="1.0" encoding="UTF-8"?>
<testsuite xmlns:xsi="http://www.w3.org/2001/XMLSchema-instance" xsi:noNamespaceSchemaLocation="https://maven.apache.org/surefire/maven-surefire-plugin/xsd/surefire-test-report.xsd" name="TestSuite" time="0.484" tests="15" errors="0" skipped="0" failures="0">
  <properties>
    <property name="sun.desktop" value="windows"/>
    <property name="awt.toolkit" value="sun.awt.windows.WToolkit"/>
    <property name="file.encoding.pkg" value="sun.io"/>
    <property name="java.specification.version" value="1.8"/>
    <property name="sun.cpu.isalist" value="amd64"/>
    <property name="sun.jnu.encoding" value="Cp1252"/>
    <property name="java.class.path" value="D:\WF_MP\week6\task_2\target\test-classes;D:\WF_MP\week6\task_2\target\classes;D:\repo\repository\org\junit\jupiter\junit-jupiter-engine\5.5.2\junit-jupiter-engine-5.5.2.jar;D:\repo\repository\org\apiguardian\apiguardian-api\1.1.0\apiguardian-api-1.1.0.jar;D:\repo\repository\org\junit\platform\junit-platform-engine\1.5.2\junit-platform-engine-1.5.2.jar;D:\repo\repository\org\opentest4j\opentest4j\1.2.0\opentest4j-1.2.0.jar;D:\repo\repository\org\junit\platform\junit-platform-commons\1.5.2\junit-platform-commons-1.5.2.jar;D:\repo\repository\org\junit\jupiter\junit-jupiter-api\5.5.2\junit-jupiter-api-5.5.2.jar;D:\repo\repository\org\junit\platform\junit-platform-runner\1.5.2\junit-platform-runner-1.5.2.jar;D:\repo\repository\junit\junit\4.12\junit-4.12.jar;D:\repo\repository\org\hamcrest\hamcrest-core\1.3\hamcrest-core-1.3.jar;D:\repo\repository\org\junit\platform\junit-platform-launcher\1.5.2\junit-platform-launcher-1.5.2.jar;D:\repo\repository\org\junit\platform\junit-platform-suite-api\1.5.2\junit-platform-suite-api-1.5.2.jar;D:\repo\repository\org\junit\vintage\junit-vintage-engine\5.5.2\junit-vintage-engine-5.5.2.jar;D:\repo\repository\org\hamcrest\hamcrest-all\1.3\hamcrest-all-1.3.jar;D:\repo\repository\org\testng\testng\6.8\testng-6.8.jar;D:\repo\repository\org\beanshell\bsh\2.0b4\bsh-2.0b4.jar;D:\repo\repository\com\beust\jcommander\1.27\jcommander-1.27.jar;D:\repo\repository\org\yaml\snakeyaml\1.6\snakeyaml-1.6.jar;"/>
    <property name="java.vm.vendor" value="Oracle Corporation"/>
    <property name="sun.arch.data.model" value="64"/>
    <property name="user.variant" value=""/>
    <property name="java.vendor.url" value="http://java.oracle.com/"/>
    <property name="user.timezone" value="Asia/Almaty"/>
    <property name="java.vm.specification.version" value="1.8"/>
    <property name="os.name" value="Windows 10"/>
    <property name="user.country" value="US"/>
    <property name="sun.java.launcher" value="SUN_STANDARD"/>
    <property name="sun.boot.library.path" value="C:\Program Files\Java\jdk1.8.0_231\jre\bin"/>
    <property name="sun.java.command" value="C:\Users\DIANA_~1\AppData\Local\Temp\surefire4055944177490856051\surefirebooter524115582177386904.jar C:\Users\diana_aimbetova\AppData\Local\Temp\surefire4055944177490856051 2019-12-07T20-08-57_072-jvmRun1 surefire5796845715592702241tmp surefire_08130155386258133188tmp"/>
    <property name="surefire.test.class.path" value="D:\WF_MP\week6\task_2\target\test-classes;D:\WF_MP\week6\task_2\target\classes;D:\repo\repository\org\junit\jupiter\junit-jupiter-engine\5.5.2\junit-jupiter-engine-5.5.2.jar;D:\repo\repository\org\apiguardian\apiguardian-api\1.1.0\apiguardian-api-1.1.0.jar;D:\repo\repository\org\junit\platform\junit-platform-engine\1.5.2\junit-platform-engine-1.5.2.jar;D:\repo\repository\org\opentest4j\opentest4j\1.2.0\opentest4j-1.2.0.jar;D:\repo\repository\org\junit\platform\junit-platform-commons\1.5.2\junit-platform-commons-1.5.2.jar;D:\repo\repository\org\junit\jupiter\junit-jupiter-api\5.5.2\junit-jupiter-api-5.5.2.jar;D:\repo\repository\org\junit\platform\junit-platform-runner\1.5.2\junit-platform-runner-1.5.2.jar;D:\repo\repository\junit\junit\4.12\junit-4.12.jar;D:\repo\repository\org\hamcrest\hamcrest-core\1.3\hamcrest-core-1.3.jar;D:\repo\repository\org\junit\platform\junit-platform-launcher\1.5.2\junit-platform-launcher-1.5.2.jar;D:\repo\repository\org\junit\platform\junit-platform-suite-api\1.5.2\junit-platform-suite-api-1.5.2.jar;D:\repo\repository\org\junit\vintage\junit-vintage-engine\5.5.2\junit-vintage-engine-5.5.2.jar;D:\repo\repository\org\hamcrest\hamcrest-all\1.3\hamcrest-all-1.3.jar;D:\repo\repository\org\testng\testng\6.8\testng-6.8.jar;D:\repo\repository\org\beanshell\bsh\2.0b4\bsh-2.0b4.jar;D:\repo\repository\com\beust\jcommander\1.27\jcommander-1.27.jar;D:\repo\repository\org\yaml\snakeyaml\1.6\snakeyaml-1.6.jar;"/>
    <property name="sun.cpu.endian" value="little"/>
    <property name="user.home" value="C:\Users\diana_aimbetova"/>
    <property name="user.language" value="en"/>
    <property name="java.specification.vendor" value="Oracle Corporation"/>
    <property name="java.home" value="C:\Program Files\Java\jdk1.8.0_231\jre"/>
    <property name="basedir" value="D:\WF_MP\week6\task_2"/>
    <property name="file.separator" value="\"/>
    <property name="line.separator" value="&#10;"/>
    <property name="java.vm.specification.vendor" value="Oracle Corporation"/>
    <property name="java.specification.name" value="Java Platform API Specification"/>
    <property name="java.awt.graphicsenv" value="sun.awt.Win32GraphicsEnvironment"/>
    <property name="surefire.real.class.path" value="C:\Users\DIANA_~1\AppData\Local\Temp\surefire4055944177490856051\surefirebooter524115582177386904.jar"/>
    <property name="sun.boot.class.path" value="C:\Program Files\Java\jdk1.8.0_231\jre\lib\resources.jar;C:\Program Files\Java\jdk1.8.0_231\jre\lib\rt.jar;C:\Program Files\Java\jdk1.8.0_231\jre\lib\sunrsasign.jar;C:\Program Files\Java\jdk1.8.0_231\jre\lib\jsse.jar;C:\Program Files\Java\jdk1.8.0_231\jre\lib\jce.jar;C:\Program Files\Java\jdk1.8.0_231\jre\lib\charsets.jar;C:\Program Files\Java\jdk1.8.0_231\jre\lib\jfr.jar;C:\Program Files\Java\jdk1.8.0_231\jre\classes"/>
    <property name="user.script" value=""/>
    <property name="sun.management.compiler" value="HotSpot 64-Bit Tiered Compilers"/>
    <property name="java.runtime.version" value="1.8.0_231-b11"/>
    <property name="user.name" value="Diana_Aimbetova"/>
    <property name="path.separator" value=";"/>
    <property name="os.version" value="10.0"/>
    <property name="java.endorsed.dirs" value="C:\Program Files\Java\jdk1.8.0_231\jre\lib\endorsed"/>
    <property name="java.runtime.name" value="Java(TM) SE Runtime Environment"/>
    <property name="file.encoding" value="Cp1252"/>
    <property name="java.vm.name" value="Java HotSpot(TM) 64-Bit Server VM"/>
    <property name="localRepository" value="D:\repo\repository"/>
    <property name="java.vendor.url.bug" value="http://bugreport.sun.com/bugreport/"/>
    <property name="java.io.tmpdir" value="C:\Users\DIANA_~1\AppData\Local\Temp\"/>
    <property name="java.version" value="1.8.0_231"/>
    <property name="user.dir" value="D:\WF_MP\week6\task_2"/>
    <property name="os.arch" value="amd64"/>
    <property name="java.vm.specification.name" value="Java Virtual Machine Specification"/>
    <property name="java.awt.printerjob" value="sun.awt.windows.WPrinterJob"/>
    <property name="sun.os.patch.level" value=""/>
    <property name="java.library.path" value="C:\Program Files\Java\jdk1.8.0_231\jre\bin;C:\WINDOWS\Sun\Java\bin;C:\WINDOWS\system32;C:\WINDOWS;C:\Program Files (x86)\Common Files\Oracle\Java\javapath;C:\WINDOWS\system32;C:\WINDOWS;C:\WINDOWS\System32\Wbem;C:\WINDOWS\System32\WindowsPowerShell\v1.0\;C:\WINDOWS\System32\OpenSSH\;C:\Program Files\Java\jdk1.8.0_231\bin\;C:\Users\diana_aimbetova\AppData\Local\Microsoft\WindowsApps;;C:\Program Files\JetBrains\IntelliJ IDEA Community Edition 2019.3\bin;;."/>
    <property name="java.vm.info" value="mixed mode"/>
    <property name="java.vendor" value="Oracle Corporation"/>
    <property name="java.vm.version" value="25.231-b11"/>
    <property name="idea.version2019.3" value="true"/>
    <property name="java.ext.dirs" value="C:\Program Files\Java\jdk1.8.0_231\jre\lib\ext;C:\WINDOWS\Sun\Java\lib\ext"/>
    <property name="sun.io.unicode.encoding" value="UnicodeLittle"/>
    <property name="java.class.version" value="52.0"/>
  </properties>
  <testcase name="testAdd" classname="testng.TestCalculator" time="0.002"/>
  <testcase name="testDivide" classname="testng.TestCalculator" time="0"/>
  <testcase name="testDivideByZero" classname="testng.TestCalculator" time="0"/>
  <testcase name="testFactorialWithTimeout1" classname="testng.TestCalculator" time="0.009"/>
  <testcase name="testPower" classname="testng.TestCalculator" time="0"/>
  <testcase name="testRoot" classname="testng.TestCalculator" time="0"/>
  <testcase name="testSubtract" classname="testng.TestCalculator" time="0"/>
  <testcase name="testDivideByZero on testDivideByZero(junit.TestCalculator)" classname="junit.TestCalculator" time="0.001"/>
  <testcase name="testAdd on testAdd(junit.TestCalculator)" classname="junit.TestCalculator" time="0.005"/>
  <testcase name="testSubtract on testSubtract(junit.TestCalculator)" classname="junit.TestCalculator" time="0"/>
  <testcase name="testPower on testPower(junit.TestCalculator)" classname="junit.TestCalculator" time="0"/>
  <testcase name="testRoot on testRoot(junit.TestCalculator)" classname="junit.TestCalculator" time="0"/>
  <testcase name="testFibonacci on testFibonacci(junit.TestCalculator)" classname="junit.TestCalculator" time="0.049"/>
  <testcase name="testFactorialWithTimeout1 on testFactorialWithTimeout1(junit.TestCalculator)" classname="junit.TestCalculator" time="0.001"/>
  <testcase name="testDivide on testDivide(junit.TestCalculator)" classname="junit.TestCalculator" time="0"/>
</testsuite>