<?xml version="1.0" encoding="UTF-8"?>
<!-- Generated by org.testng.reporters.JUnitReportReporter -->
<testsuite hostname="EPKZALMW0013" name="junit.TestCalculator" tests="8" failures="0" timestamp="7 Dec 2019 14:08:58 GMT" time="0.058" errors="0">
  <testcase name="testSubtract" time="0.000" classname="junit.TestCalculator"/>
  <testcase name="testPower" time="0.001" classname="junit.TestCalculator"/>
  <testcase name="testDivideByZero" time="0.002" classname="junit.TestCalculator"/>
  <testcase name="testRoot" time="0.000" classname="junit.TestCalculator"/>
  <testcase name="testAdd" time="0.005" classname="junit.TestCalculator"/>
  <testcase name="testFactorialWithTimeout1" time="0.001" classname="junit.TestCalculator"/>
  <testcase name="testDivide" time="0.000" classname="junit.TestCalculator"/>
  <testcase name="testFibonacci" time="0.049" classname="junit.TestCalculator"/>
</testsuite> <!-- junit.TestCalculator -->
