<?xml version="1.0" encoding="UTF-8"?>
<!-- Generated by org.testng.reporters.JUnitReportReporter -->
<testsuite hostname="EPKZALMW0013" name="utils.TestCalculator" tests="8" failures="0" timestamp="7 Dec 2019 13:20:07 GMT" time="0.001" errors="0">
  <testcase name="testDivideByZero" time="0.000" classname="utils.TestCalculator"/>
  <testcase name="testFibonacci" time="0.001" classname="utils.TestCalculator"/>
  <testcase name="testSubtract" time="0.000" classname="utils.TestCalculator"/>
  <testcase name="testAdd" time="0.000" classname="utils.TestCalculator"/>
  <testcase name="testPower" time="0.000" classname="utils.TestCalculator"/>
  <testcase name="testFactorialWithTimeout1" time="0.000" classname="utils.TestCalculator"/>
  <testcase name="testRoot" time="0.000" classname="utils.TestCalculator"/>
  <testcase name="testDivide" time="0.000" classname="utils.TestCalculator"/>
</testsuite> <!-- utils.TestCalculator -->
